[    0.000000] Initializing cgroup subsys cpuset
[    0.000000] Initializing cgroup subsys cpu
[    0.000000] Initializing cgroup subsys cpuacct
[    0.000000] Linux version 4.4.0-193-generic (buildd@lgw01-amd64-024) (gcc version 5.4.0 20160609 (Ubuntu 5.4.0-6ubuntu1~16.04.12) ) #224-Ubuntu SMP Tue Oct 6 17:15:28 UTC 2020 (Ubuntu 4.4.0-193.224-generic 4.4.236)
[    0.000000] Command line: BOOT_IMAGE=/boot/vmlinuz-4.4.0-193-generic root=LABEL=cloudimg-rootfs ro console=tty1 console=ttyS0
[    0.000000] KERNEL supported cpus:
[    0.000000]   Intel GenuineIntel
[    0.000000]   AMD AuthenticAMD
[    0.000000]   Centaur CentaurHauls
[    0.000000] x86/fpu: xstate_offset[2]:  576, xstate_sizes[2]:  256
[    0.000000] x86/fpu: Supporting XSAVE feature 0x01: 'x87 floating point registers'
[    0.000000] x86/fpu: Supporting XSAVE feature 0x02: 'SSE registers'
[    0.000000] x86/fpu: Supporting XSAVE feature 0x04: 'AVX registers'
[    0.000000] x86/fpu: Enabled xstate features 0x7, context size is 832 bytes, using 'standard' format.
[    0.000000] e820: BIOS-provided physical RAM map:
[    0.000000] BIOS-e820: [mem 0x0000000000000000-0x000000000009fbff] usable
[    0.000000] BIOS-e820: [mem 0x000000000009fc00-0x000000000009ffff] reserved
[    0.000000] BIOS-e820: [mem 0x00000000000f0000-0x00000000000fffff] reserved
[    0.000000] BIOS-e820: [mem 0x0000000000100000-0x000000003ffeffff] usable
[    0.000000] BIOS-e820: [mem 0x000000003fff0000-0x000000003fffffff] ACPI data
[    0.000000] BIOS-e820: [mem 0x00000000fec00000-0x00000000fec00fff] reserved
[    0.000000] BIOS-e820: [mem 0x00000000fee00000-0x00000000fee00fff] reserved
[    0.000000] BIOS-e820: [mem 0x00000000fffc0000-0x00000000ffffffff] reserved
[    0.000000] NX (Execute Disable) protection: active
[    0.000000] SMBIOS 2.5 present.
[    0.000000] Hypervisor detected: KVM
[    0.000000] e820: last_pfn = 0x3fff0 max_arch_pfn = 0x400000000
[    0.000000] MTRR: Disabled
[    0.000000] x86/PAT: MTRRs disabled, skipping PAT initialization too.
[    0.000000] CPU MTRRs all blank - virtualized system.
[    0.000000] x86/PAT: Configuration [0-7]: WB  WT  UC- UC  WB  WT  UC- UC  
[    0.000000] found SMP MP-table at [mem 0x0009fff0-0x0009ffff] mapped at [ffff88000009fff0]
[    0.000000] Scanning 1 areas for low memory corruption
[    0.000000] RAMDISK: [mem 0x362de000-0x37166fff]
[    0.000000] ACPI: Early table checksum verification disabled
[    0.000000] ACPI: RSDP 0x00000000000E0000 000024 (v02 VBOX  )
[    0.000000] ACPI: XSDT 0x000000003FFF0030 00003C (v01 VBOX   VBOXXSDT 00000001 ASL  00000061)
[    0.000000] ACPI: FACP 0x000000003FFF00F0 0000F4 (v04 VBOX   VBOXFACP 00000001 ASL  00000061)
[    0.000000] ACPI: DSDT 0x000000003FFF0470 002325 (v02 VBOX   VBOXBIOS 00000002 INTL 20100528)
[    0.000000] ACPI: FACS 0x000000003FFF0200 000040
[    0.000000] ACPI: FACS 0x000000003FFF0200 000040
[    0.000000] ACPI: APIC 0x000000003FFF0240 00005C (v02 VBOX   VBOXAPIC 00000001 ASL  00000061)
[    0.000000] ACPI: SSDT 0x000000003FFF02A0 0001CC (v01 VBOX   VBOXCPUT 00000002 INTL 20100528)
[    0.000000] No NUMA configuration found
[    0.000000] Faking a node at [mem 0x0000000000000000-0x000000003ffeffff]
[    0.000000] NODE_DATA(0) allocated [mem 0x3ffeb000-0x3ffeffff]
[    0.000000] kvm-clock: Using msrs 4b564d01 and 4b564d00
[    0.000000] kvm-clock: cpu 0, msr 0:3ffe3001, primary cpu clock
[    0.000000] kvm-clock: using sched offset of 4412602187 cycles
[    0.000000] clocksource: kvm-clock: mask: 0xffffffffffffffff max_cycles: 0x1cd42e4dffb, max_idle_ns: 881590591483 ns
[    0.000000] Zone ranges:
[    0.000000]   DMA      [mem 0x0000000000001000-0x0000000000ffffff]
[    0.000000]   DMA32    [mem 0x0000000001000000-0x000000003ffeffff]
[    0.000000]   Normal   empty
[    0.000000]   Device   empty
[    0.000000] Movable zone start for each node
[    0.000000] Early memory node ranges
[    0.000000]   node   0: [mem 0x0000000000001000-0x000000000009efff]
[    0.000000]   node   0: [mem 0x0000000000100000-0x000000003ffeffff]
[    0.000000] Initmem setup node 0 [mem 0x0000000000001000-0x000000003ffeffff]
[    0.000000] ACPI: PM-Timer IO Port: 0x4008
[    0.000000] IOAPIC[0]: apic_id 2, version 32, address 0xfec00000, GSI 0-23
[    0.000000] ACPI: INT_SRC_OVR (bus 0 bus_irq 0 global_irq 2 dfl dfl)
[    0.000000] ACPI: INT_SRC_OVR (bus 0 bus_irq 9 global_irq 9 low level)
[    0.000000] Using ACPI (MADT) for SMP configuration information
[    0.000000] smpboot: Allowing 2 CPUs, 0 hotplug CPUs
[    0.000000] PM: Registered nosave memory: [mem 0x00000000-0x00000fff]
[    0.000000] PM: Registered nosave memory: [mem 0x0009f000-0x0009ffff]
[    0.000000] PM: Registered nosave memory: [mem 0x000a0000-0x000effff]
[    0.000000] PM: Registered nosave memory: [mem 0x000f0000-0x000fffff]
[    0.000000] e820: [mem 0x40000000-0xfebfffff] available for PCI devices
[    0.000000] Booting paravirtualized kernel on KVM
[    0.000000] clocksource: refined-jiffies: mask: 0xffffffff max_cycles: 0xffffffff, max_idle_ns: 7645519600211568 ns
[    0.000000] setup_percpu: NR_CPUS:512 nr_cpumask_bits:512 nr_cpu_ids:2 nr_node_ids:1
[    0.000000] PERCPU: Embedded 33 pages/cpu @ffff88003fc00000 s95512 r8192 d31464 u1048576
[    0.000000] Built 1 zonelists in Node order, mobility grouping on.  Total pages: 257912
[    0.000000] Policy zone: DMA32
[    0.000000] Kernel command line: BOOT_IMAGE=/boot/vmlinuz-4.4.0-193-generic root=LABEL=cloudimg-rootfs ro console=tty1 console=ttyS0
[    0.000000] PID hash table entries: 4096 (order: 3, 32768 bytes)
[    0.000000] Memory: 997660K/1048120K available (8640K kernel code, 1337K rwdata, 4040K rodata, 1492K init, 1296K bss, 50460K reserved, 0K cma-reserved)
[    0.000000] SLUB: HWalign=64, Order=0-3, MinObjects=0, CPUs=2, Nodes=1
[    0.000000] Kernel/User page tables isolation: enabled
[    0.000000] Hierarchical RCU implementation.
[    0.000000] 	Build-time adjustment of leaf fanout to 64.
[    0.000000] 	RCU restricting CPUs from NR_CPUS=512 to nr_cpu_ids=2.
[    0.000000] RCU: Adjusting geometry for rcu_fanout_leaf=64, nr_cpu_ids=2
[    0.000000] NR_IRQS:33024 nr_irqs:440 16
[    0.000000] Console: colour VGA+ 80x25
[    0.000000] console [tty1] enabled
[    0.000000] console [ttyS0] enabled
[    0.000000] tsc: Detected 2591.592 MHz processor
[    0.371433] Calibrating delay loop (skipped) preset value.. 5183.18 BogoMIPS (lpj=10366368)
[    0.375382] pid_max: default: 32768 minimum: 301
[    0.377591] ACPI: Core revision 20150930
[    0.383760] ACPI: 2 ACPI AML tables successfully acquired and loaded
[    0.386576] Security Framework initialized
[    0.388494] Yama: becoming mindful.
[    0.390848] AppArmor: AppArmor initialized
[    0.393342] Dentry cache hash table entries: 131072 (order: 8, 1048576 bytes)
[    0.402181] Inode-cache hash table entries: 65536 (order: 7, 524288 bytes)
[    0.405290] Mount-cache hash table entries: 2048 (order: 2, 16384 bytes)
[    0.407911] Mountpoint-cache hash table entries: 2048 (order: 2, 16384 bytes)
[    0.411252] Initializing cgroup subsys io
[    0.413245] Initializing cgroup subsys memory
[    0.415236] Initializing cgroup subsys devices
[    0.417177] Initializing cgroup subsys freezer
[    0.419426] Initializing cgroup subsys net_cls
[    0.421664] Initializing cgroup subsys perf_event
[    0.423783] Initializing cgroup subsys net_prio
[    0.425837] Initializing cgroup subsys hugetlb
[    0.427864] Initializing cgroup subsys pids
[    0.431140] mce: CPU supports 0 MCE banks
[    0.433037] Last level iTLB entries: 4KB 512, 2MB 8, 4MB 8
[    0.435397] Last level dTLB entries: 4KB 512, 2MB 32, 4MB 32, 1GB 0
[    0.438148] Spectre V1 : Mitigation: usercopy/swapgs barriers and __user pointer sanitization
[    0.442233] Spectre V2 : Mitigation: Full generic retpoline
[    0.444551] Spectre V2 : Spectre v2 / SpectreRSB mitigation: Filling RSB on context switch
[    0.448272] Speculative Store Bypass: Vulnerable
[    0.450494] SRBDS: Unknown: Dependent on hypervisor status
[    0.452891] MDS: Vulnerable: Clear CPU buffers attempted, no microcode
[    0.461953] Freeing SMP alternatives memory: 36K
[    0.476606] ftrace: allocating 32346 entries in 127 pages
[    0.685194] smpboot: APIC(0) Converting physical 0 to logical package 0
[    0.688831] smpboot: Max logical packages: 1
[    0.695225] x2apic enabled
[    0.698126] Switched APIC routing to physical x2apic.
[    0.708465] ..TIMER: vector=0x30 apic1=0 pin1=2 apic2=-1 pin2=-1
[    0.821067] smpboot: CPU0: Intel(R) Core(TM) i5-3320M CPU @ 2.60GHz (family: 0x6, model: 0x3a, stepping: 0x9)
[    0.831643] Performance Events: unsupported p6 CPU model 58 no PMU driver, software events only.
[    0.871551] KVM setup paravirtual spinlock
[    0.876528] x86: Booting SMP configuration:
[    0.880258] .... node  #0, CPUs:      #1
[    0.885020] kvm-clock: cpu 1, msr 0:3ffe3041, secondary cpu clock
[    0.888863] mce: CPU supports 0 MCE banks
[    0.892769] x86: Booted up 1 node, 2 CPUs
[    0.896829] smpboot: Total of 2 processors activated (10366.36 BogoMIPS)
[    0.904342] devtmpfs: initialized
[    0.923756] evm: security.selinux
[    0.928757] evm: security.SMACK64
[    0.933303] evm: security.SMACK64EXEC
[    0.936626] evm: security.SMACK64TRANSMUTE
[    0.941470] evm: security.SMACK64MMAP
[    0.946508] evm: security.ima
[    0.948582] evm: security.capability
[    0.953114] clocksource: jiffies: mask: 0xffffffff max_cycles: 0xffffffff, max_idle_ns: 7645041785100000 ns
[    0.961786] futex hash table entries: 512 (order: 3, 32768 bytes)
[    0.965586] pinctrl core: initialized pinctrl subsystem
[    0.968648] RTC time: 22:34:47, date: 11/01/20
[    0.972603] NET: Registered protocol family 16
[    0.986100] cpuidle: using governor ladder
[    0.999657] cpuidle: using governor menu
[    1.002935] PCCT header not found.
[    1.005279] ACPI: bus type PCI registered
[    1.007656] acpiphp: ACPI Hot Plug PCI Controller Driver version: 0.5
[    1.011765] PCI: Using configuration type 1 for base access
[    1.033263] ACPI: Added _OSI(Module Device)
[    1.035796] ACPI: Added _OSI(Processor Device)
[    1.038457] ACPI: Added _OSI(3.0 _SCP Extensions)
[    1.041272] ACPI: Added _OSI(Processor Aggregator Device)
[    1.047020] ACPI: Executed 1 blocks of module-level executable AML code
[    1.060183] ACPI: Interpreter enabled
[    1.066386] ACPI: (supports S0 S5)
[    1.069082] ACPI: Using IOAPIC for interrupt routing
[    1.073331] PCI: Using host bridge windows from ACPI; if necessary, use "pci=nocrs" and report a bug
[    1.093818] ACPI: PCI Root Bridge [PCI0] (domain 0000 [bus 00-ff])
[    1.097467] acpi PNP0A03:00: _OSC: OS supports [ASPM ClockPM Segments MSI]
[    1.109167] acpi PNP0A03:00: _OSC: not requesting OS control; OS requires [ExtendedConfig ASPM ClockPM MSI]
[    1.117263] acpi PNP0A03:00: fail to add MMCONFIG information, can't access extended PCI configuration space under this bridge.
[    1.129156] PCI host bridge to bus 0000:00
[    1.131697] pci_bus 0000:00: root bus resource [io  0x0000-0x0cf7 window]
[    1.136093] pci_bus 0000:00: root bus resource [io  0x0d00-0xffff window]
[    1.141474] pci_bus 0000:00: root bus resource [mem 0x000a0000-0x000bffff window]
[    1.147872] pci_bus 0000:00: root bus resource [mem 0x40000000-0xfdffffff window]
[    1.153277] pci_bus 0000:00: root bus resource [bus 00-ff]
[    1.163715] pci 0000:00:01.1: legacy IDE quirk: reg 0x10: [io  0x01f0-0x01f7]
[    1.167205] pci 0000:00:01.1: legacy IDE quirk: reg 0x14: [io  0x03f6]
[    1.171057] pci 0000:00:01.1: legacy IDE quirk: reg 0x18: [io  0x0170-0x0177]
[    1.216871] pci 0000:00:01.1: legacy IDE quirk: reg 0x1c: [io  0x0376]
[    1.246423] pci 0000:00:07.0: quirk: [io  0x4000-0x403f] claimed by PIIX4 ACPI
[    1.250835] pci 0000:00:07.0: quirk: [io  0x4100-0x410f] claimed by PIIX4 SMB
[    1.265946] ACPI: PCI Interrupt Link [LNKA] (IRQs 5 9 10 *11)
[    1.271115] ACPI: PCI Interrupt Link [LNKB] (IRQs 5 9 *10 11)
[    1.275630] ACPI: PCI Interrupt Link [LNKC] (IRQs 5 *9 10 11)
[    1.280094] ACPI: PCI Interrupt Link [LNKD] (IRQs 5 9 10 *11)
[    1.284413] ACPI: Enabled 2 GPEs in block 00 to 07
[    1.288674] vgaarb: setting as boot device: PCI:0000:00:02.0
[    1.291914] vgaarb: device added: PCI:0000:00:02.0,decodes=io+mem,owns=io+mem,locks=none
[    1.297072] vgaarb: loaded
[    1.299594] vgaarb: bridge control possible 0000:00:02.0
[    1.303393] SCSI subsystem initialized
[    1.306053] ACPI: bus type USB registered
[    1.308521] usbcore: registered new interface driver usbfs
[    1.312097] usbcore: registered new interface driver hub
[    1.315240] usbcore: registered new device driver usb
[    1.318851] PCI: Using ACPI for IRQ routing
[    1.330347] NetLabel: Initializing
[    1.332680] NetLabel:  domain hash size = 128
[    1.335384] NetLabel:  protocols = UNLABELED CIPSOv4
[    1.338601] NetLabel:  unlabeled traffic allowed by default
[    1.341958] amd_nb: Cannot enumerate AMD northbridges
[    1.345029] clocksource: Switched to clocksource kvm-clock
[    1.384570] AppArmor: AppArmor Filesystem Enabled
[    1.387637] pnp: PnP ACPI init
[    1.392410] pnp: PnP ACPI: found 3 devices
[    1.408626] clocksource: acpi_pm: mask: 0xffffff max_cycles: 0xffffff, max_idle_ns: 2085701024 ns
[    1.413541] NET: Registered protocol family 2
[    1.416385] TCP established hash table entries: 8192 (order: 4, 65536 bytes)
[    1.419746] TCP bind hash table entries: 8192 (order: 5, 131072 bytes)
[    1.423036] TCP: Hash tables configured (established 8192 bind 8192)
[    1.426492] UDP hash table entries: 512 (order: 2, 16384 bytes)
[    1.429638] UDP-Lite hash table entries: 512 (order: 2, 16384 bytes)
[    1.432854] NET: Registered protocol family 1
[    1.435302] pci 0000:00:00.0: Limiting direct PCI/PCI transfers
[    1.438879] pci 0000:00:01.0: Activating ISA DMA hang workarounds
[    1.442400] Unpacking initramfs...
[    2.141675] Freeing initrd memory: 14884K
[    2.144692] RAPL PMU detected, API unit is 2^-32 Joules, 3 fixed counters 10737418240 ms ovfl timer
[    2.150927] hw unit of domain pp0-core 2^-0 Joules
[    2.153911] hw unit of domain package 2^-0 Joules
[    2.156820] hw unit of domain pp1-gpu 2^-0 Joules
[    2.160617] clocksource: tsc: mask: 0xffffffffffffffff max_cycles: 0x255b3569007, max_idle_ns: 440795215911 ns
[    2.167646] platform rtc_cmos: registered platform RTC device (no PNP device found)
[    2.173447] Scanning for low memory corruption every 60 seconds
[    2.178108] audit: initializing netlink subsys (disabled)
[    2.181276] audit: type=2000 audit(1604270094.071:1): initialized
[    2.185759] Initialise system trusted keyring
[    2.188595] HugeTLB registered 2 MB page size, pre-allocated 0 pages
[    2.196321] zbud: loaded
[    2.198974] VFS: Disk quotas dquot_6.6.0
[    2.203222] VFS: Dquot-cache hash table entries: 512 (order 0, 4096 bytes)
[    2.208349] squashfs: version 4.0 (2009/01/31) Phillip Lougher
[    2.212753] fuse init (API version 7.23)
[    2.215393] Key type big_key registered
[    2.218176] Allocating IMA MOK and blacklist keyrings.
[    2.223211] Key type asymmetric registered
[    2.225737] Asymmetric key parser 'x509' registered
[    2.228910] Block layer SCSI generic (bsg) driver version 0.4 loaded (major 249)
[    2.235077] io scheduler noop registered
[    2.238179] io scheduler deadline registered (default)
[    2.241698] io scheduler cfq registered
[    2.245102] pci_hotplug: PCI Hot Plug PCI Core version: 0.5
[    2.248217] pciehp: PCI Express Hot Plug Controller Driver version: 0.4
[    2.252819] ACPI: AC Adapter [AC] (on-line)
[    2.255894] input: Power Button as /devices/LNXSYSTM:00/LNXPWRBN:00/input/input0
[    2.261648] ACPI: Power Button [PWRF]
[    2.264257] input: Sleep Button as /devices/LNXSYSTM:00/LNXSLPBN:00/input/input1
[    2.270105] ACPI: Sleep Button [SLPF]
[    2.275735] ACPI: Battery Slot [BAT0] (battery present)
[    2.278877] GHES: HEST is not enabled!
[    2.281409] Serial: 8250/16550 driver, 32 ports, IRQ sharing enabled
[    2.306631] 00:02: ttyS0 at I/O 0x3f8 (irq = 4, base_baud = 115200) is a 16550A
[    2.318353] Linux agpgart interface v0.103
[    2.325454] loop: module loaded
[    2.329542] scsi host0: ata_piix
[    2.331726] scsi host1: ata_piix
[    2.333819] ata1: PATA max UDMA/33 cmd 0x1f0 ctl 0x3f6 bmdma 0xd000 irq 14
[    2.337571] ata2: PATA max UDMA/33 cmd 0x170 ctl 0x376 bmdma 0xd008 irq 15
[    2.341304] libphy: Fixed MDIO Bus: probed
[    2.343942] tun: Universal TUN/TAP device driver, 1.6
[    2.348118] tun: (C) 1999-2004 Max Krasnyansky <maxk@qualcomm.com>
[    2.352774] PPP generic driver version 2.4.2
[    2.355353] ehci_hcd: USB 2.0 'Enhanced' Host Controller (EHCI) Driver
[    2.358938] ehci-pci: EHCI PCI platform driver
[    2.361554] ehci-platform: EHCI generic platform driver
[    2.364768] ohci_hcd: USB 1.1 'Open' Host Controller (OHCI) Driver
[    2.368461] ohci-pci: OHCI PCI platform driver
[    2.371523] ohci-platform: OHCI generic platform driver
[    2.374722] uhci_hcd: USB Universal Host Controller Interface driver
[    2.378966] i8042: PNP: PS/2 Controller [PNP0303:PS2K,PNP0f03:PS2M] at 0x60,0x64 irq 1,12
[    2.385861] serio: i8042 KBD port at 0x60,0x64 irq 1
[    2.388866] serio: i8042 AUX port at 0x60,0x64 irq 12
[    2.392879] mousedev: PS/2 mouse device common for all mice
[    2.397412] input: AT Translated Set 2 keyboard as /devices/platform/i8042/serio0/input/input2
[    2.401862] rtc_cmos rtc_cmos: rtc core: registered rtc_cmos as rtc0
[    2.402049] rtc_cmos rtc_cmos: alarms up to one day, 114 bytes nvram
[    2.402067] i2c /dev entries driver
[    2.402199] device-mapper: uevent: version 1.0.3
[    2.402358] device-mapper: ioctl: 4.34.0-ioctl (2015-10-28) initialised: dm-devel@redhat.com
[    2.402401] ledtrig-cpu: registered to indicate activity on CPUs
[    2.403296] NET: Registered protocol family 10
[    2.403695] NET: Registered protocol family 17
[    2.403714] Key type dns_resolver registered
[    2.404356] registered taskstats version 1
[    2.404399] Loading compiled-in X.509 certificates
[    2.405897] Loaded X.509 cert 'Build time autogenerated kernel key: 399ad61e9457a71f6b31060684c17f14836880c9'
[    2.405964] zswap: loaded using pool lzo/zbud
[    2.409711] Key type trusted registered
[    2.418977] Key type encrypted registered
[    2.418990] AppArmor: AppArmor sha1 policy hashing enabled
[    2.418997] ima: No TPM chip found, activating TPM-bypass!
[    2.419009] ima: Allocated hash algorithm: sha1
[    2.419043] evm: HMAC attrs: 0x1
[    2.419625]   Magic number: 12:469:602
[    2.421732] rtc_cmos rtc_cmos: setting system clock to 2020-11-01 22:34:48 UTC (1604270088)
[    2.421944] BIOS EDD facility v0.16 2004-Jun-25, 0 devices found
[    2.421945] EDD information not available.
[    2.531859] Freeing unused kernel memory: 1492K
[    2.545552] Write protecting the kernel read-only data: 14336k
[    2.549893] Freeing unused kernel memory: 1588K
[    2.553341] Freeing unused kernel memory: 56K
Loading, please wait...
starting version 229
[    2.581598] random: systemd-udevd: uninitialized urandom read (16 bytes read, 3 bits of entropy available)
[    2.582817] random: udevadm: uninitialized urandom read (16 bytes read, 3 bits of entropy available)
[    2.582857] random: udevadm: uninitialized urandom read (16 bytes read, 3 bits of entropy available)
[    2.599790] random: systemd-udevd: uninitialized urandom read (16 bytes read, 3 bits of entropy available)
[    2.605556] random: systemd-udevd: uninitialized urandom read (16 bytes read, 3 bits of entropy available)
[    2.607044] random: udevadm: uninitialized urandom read (16 bytes read, 3 bits of entropy available)
[    2.607140] random: udevadm: uninitialized urandom read (16 bytes read, 3 bits of entropy available)
[    2.607509] random: udevadm: uninitialized urandom read (16 bytes read, 3 bits of entropy available)
[    2.607642] random: udevadm: uninitialized urandom read (16 bytes read, 3 bits of entropy available)
[    2.607785] random: udevadm: uninitialized urandom read (16 bytes read, 3 bits of entropy available)
[    2.712219] Fusion MPT base driver 3.04.20
[    2.714894] Copyright (c) 1999-2008 LSI Corporation
[    2.719428] e1000: Intel(R) PRO/1000 Network Driver - version 7.3.21-k8-NAPI
[    2.723038] e1000: Copyright (c) 1999-2006 Intel Corporation.
[    2.747118] Fusion MPT SPI Host driver 3.04.20
[    2.764646] AVX version of gcm_enc/dec engaged.
[    2.767735] AES CTR mode by8 optimization enabled
[    2.944297] input: ImExPS/2 Generic Explorer Mouse as /devices/platform/i8042/serio1/input/input4
[    3.561290] e1000 0000:00:03.0 eth0: (PCI:33MHz:32-bit) 02:e9:98:4f:cb:36
[    3.565264] e1000 0000:00:03.0 eth0: Intel(R) PRO/1000 Network Connection
[    3.572446] e1000 0000:00:03.0 enp0s3: renamed from eth0
[    3.575708] mptbase: ioc0: Initiating bringup
[    4.171240] ioc0: LSI53C1030 A0: Capabilities={Initiator}
[    5.589623] scsi host2: ioc0: LSI53C1030 A0, FwRev=00000000h, Ports=1, MaxQ=256, IRQ=20
[    7.167035] scsi 2:0:0:0: Direct-Access     VBOX     HARDDISK         1.0  PQ: 0 ANSI: 5
[    7.170935] scsi target2:0:0: Beginning Domain Validation
[    7.175749] scsi target2:0:0: Domain Validation skipping write tests
[    7.178264] scsi target2:0:0: Ending Domain Validation
[    7.180592] scsi target2:0:0: asynchronous
[    7.211949] scsi 2:0:1:0: Direct-Access     VBOX     HARDDISK         1.0  PQ: 0 ANSI: 5
[    7.215704] scsi target2:0:1: Beginning Domain Validation
[    7.220417] scsi target2:0:1: Domain Validation skipping write tests
[    7.222971] scsi target2:0:1: Ending Domain Validation
[    7.225213] scsi target2:0:1: asynchronous
[    7.233992] sd 2:0:0:0: Attached scsi generic sg0 type 0
[    7.236612] sd 2:0:0:0: [sda] 20971520 512-byte logical blocks: (10.7 GB/10.0 GiB)
[    7.241329] sd 2:0:1:0: [sdb] 20480 512-byte logical blocks: (10.5 MB/10.0 MiB)
[    7.241383] sd 2:0:0:0: [sda] Write Protect is off
[    7.241539] sd 2:0:0:0: [sda] Incomplete mode parameter data
[    7.241542] sd 2:0:0:0: [sda] Assuming drive cache: write through
[    7.245869] sd 2:0:1:0: Attached scsi generic sg1 type 0
[    7.255680] sd 2:0:1:0: [sdb] Write Protect is off
[    7.257999] sd 2:0:1:0: [sdb] Incomplete mode parameter data
[    7.260346] sd 2:0:1:0: [sdb] Assuming drive cache: write through
[    7.289288]  sda: sda1
[    7.292502] sd 2:0:1:0: [sdb] Attached SCSI disk
[    7.292547] sd 2:0:0:0: [sda] Attached SCSI disk
Begin: Loading essential drivers ... [    9.367043] md: linear personality registered for level -1
[    9.373772] md: multipath personality registered for level -4
[    9.380144] md: raid0 personality registered for level 0
[    9.389590] md: raid1 personality registered for level 1
[    9.465097] raid6: sse2x1   gen()  2343 MB/s
[    9.533339] raid6: sse2x1   xor()  1643 MB/s
[    9.601147] raid6: sse2x2   gen()  4273 MB/s
[    9.669462] raid6: sse2x2   xor()  2950 MB/s
[    9.737323] raid6: sse2x4   gen()  6745 MB/s
[    9.805095] raid6: sse2x4   xor()  3968 MB/s
[    9.807094] raid6: using algorithm sse2x4 gen() 6745 MB/s
[    9.809429] raid6: .... xor() 3968 MB/s, rmw enabled
[    9.811681] raid6: using ssse3x2 recovery algorithm
[    9.815998] xor: automatically using best checksumming function:
[    9.857817]    avx       : 18858.000 MB/sec
[    9.861909] async_tx: api initialized (async)
[    9.882710] md: raid6 personality registered for level 6
[    9.885414] md: raid5 personality registered for level 5
[    9.887598] md: raid4 personality registered for level 4
[    9.901052] md: raid10 personality registered for level 10
done.
Begin: Running /scripts/init-premount ... done.
Begin: Mounting root file system ... Begin: Running /scripts/local-top ... done.
Begin: Running /scripts/local-premount ... [    9.969348] Btrfs loaded
Scanning for Btrfs filesystems
done.
Warning: fsck not present, so skipping root file system
[   10.015431] EXT4-fs (sda1): INFO: recovery required on readonly filesystem
[   10.018585] EXT4-fs (sda1): write access will be enabled during recovery
[   10.110517] EXT4-fs (sda1): recovery complete
[   10.112739] EXT4-fs (sda1): mounted filesystem with ordered data mode. Opts: (null)
done.
Begin: Running /scripts/local-bottom ... done.
Begin: Running /scripts/init-bottom ... done.
[   10.260948] systemd[1]: systemd 229 running in system mode. (+PAM +AUDIT +SELINUX +IMA +APPARMOR +SMACK +SYSVINIT +UTMP +LIBCRYPTSETUP +GCRYPT +GNUTLS +ACL +XZ -LZ4 +SECCOMP +BLKID +ELFUTILS +KMOD -IDN)
[   10.270388] systemd[1]: Detected virtualization oracle.
[   10.273271] systemd[1]: Detected architecture x86-64.

Welcome to [1mUbuntu 16.04.7 LTS[0m!

[   10.279131] systemd[1]: Set hostname to <ubuntu-xenial>.
[   11.300188] systemd[1]: Listening on udev Control Socket.
[[0;32m  OK  [0m] Listening on udev Control Socket.
[   11.304347] systemd[1]: Reached target User and Group Name Lookups.
[[0;32m  OK  [0m] Reached target User and Group Name Lookups.
[   11.308843] systemd[1]: Reached target Encrypted Volumes.
[[0;32m  OK  [0m] Reached target Encrypted Volumes.
[   11.313355] systemd[1]: Listening on udev Kernel Socket.
[[0;32m  OK  [0m] Listening on udev Kernel Socket.
[   11.317348] systemd[1]: Started Forward Password Requests to Wall Directory Watch.
[[0;32m  OK  [0m] Started Forward Password Requests to Wall Directory Watch.
[   11.323454] systemd[1]: Reached target Swap.
[[0;32m  OK  [0m] Reached target Swap.
[   11.326655] systemd[1]: Listening on Journal Audit Socket.
[[0;32m  OK  [0m] Listening on Journal Audit Socket.
[   11.330176] systemd[1]: Listening on /dev/initctl Compatibility Named Pipe.
[[0;32m  OK  [0m] Listening on /dev/initctl Compatibility Named Pipe.
[   11.335817] systemd[1]: Listening on Device-mapper event daemon FIFOs.
[[0;32m  OK  [0m] Listening on Device-mapper event daemon FIFOs.
[   11.340646] systemd[1]: Listening on LVM2 poll daemon socket.
[[0;32m  OK  [0m] Listening on LVM2 poll daemon socket.
[   11.579181] systemd[1]: Started Trigger resolvconf update for networkd DNS.
[[0;32m  OK  [0m] Started Trigger resolvconf update for networkd DNS.
[   11.585286] systemd[1]: Listening on Journal Socket.
[[0;32m  OK  [0m] Listening on Journal Socket.
[   12.426155] systemd[1]: Created slice System Slice.
[[0;32m  OK  [0m] Created slice System Slice.
[   12.441627] systemd[1]: Mounting Huge Pages File System...
         Mounting Huge Pages File System...
[   12.448570] systemd[1]: Starting Create list of required static device nodes for the current kernel...
         Starting Create list of required st... nodes for the current kernel...
[   12.458895] systemd[1]: Starting Nameserver information manager...
         Starting Nameserver information manager...
[   12.542762] systemd[1]: Starting Load Kernel Modules...
         Starting Load Kernel Modules...
[   12.549481] systemd[1]: Starting Remount Root and Kernel File Systems...
         Starting Remount Root and Kernel File Systems...
[   12.558197] systemd[1]: Created slice system-serial\x2dgetty.slice.
[[0;32m  OK  [0m] Created slice system-serial\x2dgetty.slice.
[   12.566314] systemd[1]: Starting Uncomplicated firewall...
[   12.577638] EXT4-fs (sda1): re-mounted. Opts: (null)
         Starting Uncomplicated firewall...
[   12.597618] systemd[1]: Reached target System Time Synchronized.
[[0;32m  OK  [0m] Reached target System Time Synchronized.
[   12.604418] systemd[1]: Listening on Journal Socket (/dev/log).
[[0;32m  OK  [0m] Listening on Journal Socket (/dev/log).
[   12.610379] systemd[1]: Listening on LVM2 metadata daemon socket.
[   12.614345] Loading iSCSI transport class v2.0-870.
[[0;32m  OK  [0m] Listening on LVM2 metadata daemon socket.
[   12.631626] iscsi: registered transport (tcp)
[   12.634393] systemd[1]: Starting Monitoring of LVM2 mirrors, snapshots etc. using dmeventd or progress polling...
         Starting Monitoring of LVM2 mirrors... dmeventd or progress polling...
[   12.645024] systemd[1]: Mounting Debug File System...
         Mounting Debug File System...
[   12.651520] systemd[1]: Created slice User and Session Slice.
[[0;32m  OK  [0m] Created slice User and Session Slice.
[   12.682915] systemd[1]: Reached target Slices.
[[0;32m  OK  [0m] Reached target Slices.
[   12.713515] systemd[1]: Mounting POSIX Message Queue File System...
         Mounting POSIX Message Queue File System...
[   12.723476] systemd[1]: Listening on Syslog Socket.
[[0;32m  OK  [0m] Listening on Syslog Socket.
[   12.730890] systemd[1]: Starting Journal Service...
         Starting Journal Service...
[   12.750694] systemd[1]: Set up automount Arbitrary Executable File Formats File System Automount Point.
[[0;32m  OK  [0m] Set up automount Arbitrary Executab...ats File System Automount Point.
[   12.778611] systemd[1]: Starting Set console keymap...
         Starting Set console keymap...
[   12.796918] systemd[1]: Mounted POSIX Message Queue File System.
[[0;32m  OK  [0m] Mounted POSIX Message Queue File System.
[   12.806700] systemd[1]: Mounted Huge Pages File System.
[[0;32m  OK  [0m] Mounted Huge Pages File System.
[   12.813504] systemd[1]: Mounted Debug File System.
[   12.817875] random: nonblocking pool is initialized
[[0;32m  OK  [[   12.825403] iscsi: registered transport (iser)
0m] Mounted Debug File System.
[   12.831335] systemd[1]: Started Create list of required static device nodes for the current kernel.
[[0;32m  OK  [0m] Started Create list of required sta...ce nodes for the current kernel.
[   12.858800] systemd[1]: Started Load Kernel Modules.
[[0;32m  OK  [0m] Started Load Kernel Modules.
[   12.872471] systemd[1]: Started Remount Root and Kernel File Systems.
[[0;32m  OK  [0m] Started Remount Root and Kernel File Systems.
[   12.886952] systemd[1]: Started Uncomplicated firewall.
[[0;32m  OK  [0m] Started Uncomplicated firewall.
[   12.917995] systemd[1]: Started Nameserver information manager.
[[0;32m  OK  [0m] Started Nameserver information manager.
[   12.940824] systemd[1]: Started Journal Service.
[[0;32m  OK  [0m] Started Journal Service.
[[0;32m  OK  [0m] Started LVM2 metadata daemon.
         Starting Flush Journal to Persistent Storage...
         Starting udev Coldplug all Devices...
         Starting Load/Save Random Seed...
         Starting Apply Kernel Variables...
         Mounting FUSE Control File System...
         Starting Create Static Device Nodes in /dev...
[[0;32m  OK  [0m] Mounted FUSE Control File System.
[[0;32m  OK  [0m] Started Load/Save Random Seed.
[[0;32m  OK  [0m] Started Apply Kernel Variables.
[[0;32m  OK  [0m] Started Flush Journal to Persistent Storage.
[[0;32m  OK  [0m] Started Create Static Device Nodes in /dev.
         Starting udev Kernel Device Manager...
[[0;32m  OK  [0m] Started Set console keymap.
[[0;32m  OK  [0m] Started udev Kernel Device Manager.
[[0;32m  OK  [0m] Started udev Coldplug all Devices.
[[0;32m  OK  [0m] Started Dispatch Password Requests to Console Directory Watch.
[[0;32m  OK  [0m] Started Monitoring of LVM2 mirrors,...ng dmeventd or progress polling.
[[0;32m  OK  [0m] Reached target Local File Systems (Pre).
[[0;32m  OK  [0m] Reached target Local File Systems.
         Starting Set console font and keymap...
         Starting LSB: AppArmor initialization...
         Starting Create Volatile Files and Directories...
         Starting Tell Plymouth To Write Out Runtime Data...
         Starting Initial cloud-init job (pre-networking)...
         Mounting /vagrant...
[[0;32m  OK  [0m] Started Tell Plymouth To Write Out Runtime Data.
[[0;32m  OK  [0m] Started Create Volatile Files and Directories.
         Starting Update UTMP about System Boot/Shutdown...
[[0;1;31mFAILED[0m] Failed to mount /vagrant.
See 'systemctl status vagrant.mount' for details.
[[0;32m  OK  [0m] Started Update UTMP about System Boot/Shutdown.
[[0;32m  OK  [0m] Found device /dev/ttyS0.
[[0;32m  OK  [0m] Listening on Load/Save RF Kill Switch Status /dev/rfkill Watch.
[[0;32m  OK  [0m] Started LSB: AppArmor initialization.
         Starting Load AppArmor profiles managed internally by snapd...
[[0;32m  OK  [0m] Started Load AppArmor profiles managed internally by snapd.
[[0;32m  OK  [0m] Found device 82540EM Gigabit Ethern...r (PRO/1000 MT Desktop Adapter).
[[0;32m  OK  [0m] Started Initial cloud-init job (pre-networking).
[[0;32m  OK  [0m] Reached target Network (Pre).
[[0;32m  OK  [0m] Started ifup for enp0s3.
[   15.345827] cloud-init[503]: Cloud-init v. 20.3-2-g371b392c-0ubuntu1~16.04.1 running 'init-local' at Sun, 01 Nov 2020 22:35:01 +0000. Up 14.74 seconds.
         Starting Raise network interfaces...
[[0;32m  OK  [0m] Started Set console font and keymap.
[[0;32m  OK  [0m] Created slice system-getty.slice.
[[0;32m  OK  [0m] Started Raise network interfaces.
         Starting Initial cloud-init job (metadata service crawler)...
[[0;32m  OK  [0m] Reached target Network.
[   18.002440] cloud-init[988]: Cloud-init v. 20.3-2-g371b392c-0ubuntu1~16.04.1 running 'init' at Sun, 01 Nov 2020 22:35:04 +0000. Up 17.35 seconds.
[   18.009723] cloud-init[988]: ci-info: ++++++++++++++++++++++++++++++++++++++Net device info++++++++++++++++++++++++++++++++++++++
[   18.013878] cloud-init[988]: ci-info: +--------+------+----------------------------+---------------+--------+-------------------+
[   18.020688] cloud-init[988]: ci-info: | Device |  Up  |          Address           |      Mask     | Scope  |     Hw-Address    |
[   18.032837] cloud-init[988]: ci-info: +--------+------+----------------------------+---------------+--------+-------------------+
[   18.039318] cloud-init[988]: ci-info: | enp0s3 | True |         10.0.2.15          | 255.255.255.0 | global | 02:e9:98:4f:cb:36 |
[   18.047532] cloud-init[988]: ci-info: | enp0s3 | True | fe80::e9:98ff:fe4f:cb36/64 |       .       |  link  | 02:e9:98:4f:cb:36 |
[   18.053223] cloud-init[988]: ci-info: |   lo   | True |         127.0.0.1          |   255.0.0.0   |  host  |         .         |
[   18.059537] cloud-init[988]: ci-info: |   lo   | True |          ::1/128           |       .       |  host  |         .         |
[   18.065675] cloud-init[988]: ci-info: +--------+------+----------------------------+---------------+--------+-------------------+
[   18.077255] cloud-init[988]: ci-info: +++++++++++++++++++++++++++Route IPv4 info++++++++++++++++++++++++++++
[   18.083370] cloud-init[988]: ci-info: +-------+-------------+----------+---------------+-----------+-------+
[   18.096782] cloud-init[988]: ci-info: | Route | Destination | Gateway  |    Genmask    | Interface | Flags |
[   18.102128] cloud-init[988]: ci-info: +-------+-------------+----------+---------------+-----------+-------+
[   18.106514] cloud-init[988]: ci-info: |   0   |   0.0.0.0   | 10.0.2.2 |    0.0.0.0    |   enp0s3  |   UG  |
[   18.111602] cloud-init[988]: ci-info: |   1   |   10.0.2.0  | 0.0.0.0  | 255.255.255.0 |   enp0s3  |   U   |
[   18.117678] cloud-init[988]: ci-info: +-------+-------------+----------+---------------+-----------+-------+
[   18.122303] cloud-init[988]: ci-info: +++++++++++++++++++Route IPv6 info+++++++++++++++++++
[   18.126580] cloud-init[988]: ci-info: +-------+-------------+---------+-----------+-------+
[   18.130954] cloud-init[988]: ci-info: | Route | Destination | Gateway | Interface | Flags |
[   18.134614] cloud-init[988]: ci-info: +-------+-------------+---------+-----------+-------+
[   18.138426] cloud-init[988]: ci-info: |   0   |  fe80::/64  |    ::   |   enp0s3  |   U   |
[[0;32m  OK  [0m] Started Initial cloud-init job (metadata service crawler).
[[0;32m  OK  [0m] Reached target Cloud-config availability.[   18.149533] cloud-init[988]: ci-info: |   3   |   ff00::/8  |    ::   |   enp0s3  |   U   |

[[0;32m  OK  [0m] Reached target Network is Online.
[   18.151660] cloud-init[988]: ci-info: +-------+-------------+---------+-----------+-------+
         Starting iSCSI initiator daemon (iscsid)...
[[0;32m  OK  [0m] Reached target System Initialization.
[[0;32m  OK  [0m] Started Daily Cleanup of Temporary Directories.
         Starting Socket activation for snappy daemon.
[[0;32m  OK  [0m] Started Message of the Day.
         Starting LXD - unix socket.
[[0;32m  OK  [0m] Started ACPI Events Check.
[[0;32m  OK  [0m] Reached target Paths.
[[0;32m  OK  [0m] Listening on D-Bus System Message Bus Socket.
[[0;32m  OK  [0m] Started Daily apt download activities.
[[0;32m  OK  [0m] Started Daily apt upgrade and clean activities.
[[0;32m  OK  [0m] Listening on ACPID Listen Socket.
[[0;32m  OK  [0m] Reached target Timers.
[[0;32m  OK  [0m] Listening on UUID daemon activation socket.
[[0;32m  OK  [0m] Listening on Socket activation for snappy daemon.
[[0;32m  OK  [0m] Listening on LXD - unix socket.
[[0;32m  OK  [0m] Started iSCSI initiator daemon (iscsid).
         Starting Login to default iSCSI targets...
[[0;32m  OK  [0m] Reached target Sockets.
[[0;32m  OK  [0m] Reached target Basic System.
         Starting LSB: MD monitoring daemon...
         Starting LSB: Record successful boot for GRUB...
         Starting LXD - container startup/shutdown...
[[0;32m  OK  [0m] Started Regular background program processing daemon.
[[0;32m  OK  [0m] Started D-Bus System Message Bus.
         Starting System Logging Service...
         Starting Virtualbox guest utils...
[[0;32m  OK  [0m] Started ACPI event daemon.
         Starting Accounts Service...
         Starting /etc/rc.local Compatibility...
         Starting Login Service...
[[0;32m  OK  [0m] Started FUSE filesystem for LXC.
         Starting OpenBSD Secure Shell server...
[[0;32m  OK  [0m] Started Deferred execution scheduler.
         Starting Snap Daemon...
[[0;32m  OK  [0m] Started /etc/rc.local Compatibility.
[[0;32m  OK  [0m] Started System Logging Service.
[[0;32m  OK  [0m] Started LSB: Record successful boot for GRUB.
[[0;32m  OK  [0m] Started Login Service.
[[0;32m  OK  [0m] Started Unattended Upgrades Shutdown.
[[0;32m  OK  [0m] Started LSB: MD monitoring daemon.
[[0;32m  OK  [0m] Started Login to default iSCSI targets.
[[0;32m  OK  [0m] Reached target Remote File Systems (Pre).
[[0;32m  OK  [0m] Reached target Remote File Systems.
         Starting LSB: Set the CPU Frequency Scaling governor to "ondemand"...
         Starting Permit User Sessions...
         Starting LSB: daemon to balance interrupts for SMP systems...
         Starting LSB: automatic crash report generation...
[[0;32m  OK  [0m] Started Permit User Sessions.
         Starting Authenticate and Authorize Users to Run Privileged Tasks...
         Starting Terminate Plymouth Boot Screen...
         Starting Hold until boot process finishes up...
[[0;32m  OK  [0m] Started OpenBSD Secure Shell server.
[[0;32m  OK  [0m] Started LXD - container startup/shutdown.
[[0;32m  OK  [0m] Started Terminate Plymouth Boot Screen.
[[0;32m  OK  [0m] Started Hold until boot process finishes up.
[[0;32m  OK  [0m] Started Authenticate and Authorize Users to Run Privileged Tasks.
[[0;32m  OK  [0m] Started Serial Getty on ttyS0.
         Starting Set console scheme...
[[0;32m  OK  [0m] Started Getty on tty1.
[[0;32m  OK  [0m] Reached target Login Prompts.
[[0;32m  OK  [0m] Started Set console scheme.
[[0;32m  OK  [0m] Started Accounts Service.
[[0;32m  OK  [0m] Started LSB: automatic crash report generation.
[[0;32m  OK  [0m] Started LSB: Set the CPU Frequency Scaling governor to "ondemand".
[[0;32m  OK  [0m] Started LSB: daemon to balance interrupts for SMP systems.
[[0;32m  OK  [0m] Started Virtualbox guest utils.
[[0;32m  OK  [0m] Created slice User Slice of vagrant.
         Starting User Manager for UID 1000...
[[0;32m  OK  [0m] Started Session 1 of user vagrant.
[[0;32m  OK  [0m] Started User Manager for UID 1000.
[[0;32m  OK  [0m] Started Snap Daemon.
         Starting Wait until snapd is fully seeded...
[[0;32m  OK  [0m] Started Wait until snapd is fully seeded.
         Starting Apply the settings specified in cloud-config...
[[0;32m  OK  [0m] Reached target Multi-User System.
[[0;32m  OK  [0m] Reached target Graphical Interface.
         Starting Update UTMP about System Runlevel Changes...
[[0;32m  OK  [0m] Started Update UTMP about System Runlevel Changes.
[   20.986521] cloud-init[1292]: Cloud-init v. 20.3-2-g371b392c-0ubuntu1~16.04.1 running 'modules:config' at Sun, 01 Nov 2020 22:35:07 +0000. Up 20.74 seconds.
[[0;32m  OK  [0m] Started Apply the settings specified in cloud-config.
         Starting Execute cloud user/final scripts...
[   22.138367] cloud-init[1336]: Cloud-init v. 20.3-2-g371b392c-0ubuntu1~16.04.1 running 'modules:final' at Sun, 01 Nov 2020 22:35:08 +0000. Up 21.82 seconds.
[   22.145192] cloud-init[1336]: Cloud-init v. 20.3-2-g371b392c-0ubuntu1~16.04.1 finished at Sun, 01 Nov 2020 22:35:08 +0000. Datasource DataSourceNoCloud [seed=/dev/sdb][dsmode=net].  Up 22.11 seconds
[[0;32m  OK  [0m] Started Execute cloud user/final scripts.
[[0;32m  OK  [0m] Reached target Cloud-init target.

Ubuntu 16.04.7 LTS ubuntu-xenial ttyS0

ubuntu-xenial login: 